GAS LISTING /tmp/cchQO11C.s 			page 1


   1              		.file	"_new.cpp"
   2              		.option pic
   3              		.option norelax
   4              		.text
   5              	.Ltext0:
   6              	.Letext0:
   7              		.file 1 "src/../lib/hw.h"
GAS LISTING /tmp/cchQO11C.s 			page 2


DEFINED SYMBOLS
                            *ABS*:0000000000000000 _new.cpp
     /tmp/cchQO11C.s:138    .debug_abbrev:0000000000000000 .Ldebug_abbrev0
     /tmp/cchQO11C.s:301    .debug_str:0000000000000095 .LASF18
     /tmp/cchQO11C.s:319    .debug_str:00000000000001ea .LASF19
     /tmp/cchQO11C.s:311    .debug_str:00000000000001a5 .LASF20
     /tmp/cchQO11C.s:277    .debug_line:0000000000000000 .Ldebug_line0
     /tmp/cchQO11C.s:317    .debug_str:00000000000001dd .LASF0
     /tmp/cchQO11C.s:307    .debug_str:0000000000000182 .LASF1
     /tmp/cchQO11C.s:297    .debug_str:0000000000000071 .LASF2
     /tmp/cchQO11C.s:291    .debug_str:0000000000000059 .LASF4
     /tmp/cchQO11C.s:287    .debug_str:0000000000000034 .LASF3
     /tmp/cchQO11C.s:279    .debug_str:0000000000000000 .LASF5
     /tmp/cchQO11C.s:289    .debug_str:0000000000000046 .LASF6
     /tmp/cchQO11C.s:305    .debug_str:000000000000016f .LASF7
     /tmp/cchQO11C.s:315    .debug_str:00000000000001cd .LASF8
     /tmp/cchQO11C.s:281    .debug_str:0000000000000007 .LASF9
     /tmp/cchQO11C.s:283    .debug_str:0000000000000015 .LASF10
     /tmp/cchQO11C.s:313    .debug_str:00000000000001be .LASF11
     /tmp/cchQO11C.s:285    .debug_str:0000000000000024 .LASF12
     /tmp/cchQO11C.s:309    .debug_str:0000000000000195 .LASF13
     /tmp/cchQO11C.s:295    .debug_str:0000000000000065 .LASF14
     /tmp/cchQO11C.s:303    .debug_str:0000000000000159 .LASF15
     /tmp/cchQO11C.s:299    .debug_str:000000000000007f .LASF16
     /tmp/cchQO11C.s:293    .debug_str:0000000000000060 .LASF17
     /tmp/cchQO11C.s:9      .debug_info:0000000000000000 .Ldebug_info0

NO UNDEFINED SYMBOLS
