GAS LISTING /tmp/cceGr7hL.s 			page 1


   1              		.file	"scheduler.cpp"
   2              		.option pic
   3              		.option norelax
   4              		.text
   5              	.Ltext0:
   6              		.align	2
   8              	_Z41__static_initialization_and_destruction_0ii:
   9              	.LFB19:
  10              		.file 1 "src/scheduler.cpp"
   1:src/scheduler.cpp **** //
   2:src/scheduler.cpp **** // Created by os on 8/12/22.
   3:src/scheduler.cpp **** //
   4:src/scheduler.cpp **** 
   5:src/scheduler.cpp **** #include "../h/scheduler.hpp"
   6:src/scheduler.cpp **** 
   7:src/scheduler.cpp **** List<TCB> Scheduler::readyThreadQueue;
   8:src/scheduler.cpp **** 
   9:src/scheduler.cpp **** TCB *Scheduler::get() {
  10:src/scheduler.cpp ****     return readyThreadQueue.removeFirst();
  11:src/scheduler.cpp **** }
  12:src/scheduler.cpp **** 
  13:src/scheduler.cpp **** void Scheduler::put(TCB *tcb) {
  14:src/scheduler.cpp ****     readyThreadQueue.addLast(tcb);
  15:src/scheduler.cpp **** }...
  11              		.loc 1 15 1
  12              		.cfi_startproc
  13              	.LVL0:
  14 0000 130101FF 		addi	sp,sp,-16
  15              		.cfi_def_cfa_offset 16
  16 0004 23348100 		sd	s0,8(sp)
  17              		.cfi_offset 8, -8
  18 0008 13040101 		addi	s0,sp,16
  19              		.cfi_def_cfa 8, 0
  20              		.loc 1 15 1 is_stmt 0
  21 000c 93071000 		li	a5,1
  22 0010 6308F500 		beq	a0,a5,.L4
  23              	.L1:
  24 0014 03348100 		ld	s0,8(sp)
  25              		.cfi_remember_state
  26              		.cfi_restore 8
  27              		.cfi_def_cfa 2, 16
  28 0018 13010101 		addi	sp,sp,16
  29              		.cfi_def_cfa_offset 0
  30 001c 67800000 		jr	ra
  31              	.L4:
  32              		.cfi_restore_state
  33              		.loc 1 15 1 discriminator 1
  34 0020 B7070100 		li	a5,65536
  35 0024 9387F7FF 		addi	a5,a5,-1
  36 0028 E396F5FE 		bne	a1,a5,.L1
  37              	.LVL1:
  38              	.LBB15:
  39              	.LBB16:
  40              	.LBB17:
  41              		.file 2 "src/../h/list.hpp"
   1:src/../h/list.hpp **** //
   2:src/../h/list.hpp **** // Created by os on 8/12/22.
GAS LISTING /tmp/cceGr7hL.s 			page 2


   3:src/../h/list.hpp **** //
   4:src/../h/list.hpp **** 
   5:src/../h/list.hpp **** #ifndef PROBA3_PROJECT_BASE_LIST_HPP
   6:src/../h/list.hpp **** #define PROBA3_PROJECT_BASE_LIST_HPP
   7:src/../h/list.hpp **** 
   8:src/../h/list.hpp **** template<typename T>
   9:src/../h/list.hpp **** class List {
  10:src/../h/list.hpp **** private:
  11:src/../h/list.hpp ****     struct Elem
  12:src/../h/list.hpp ****     {
  13:src/../h/list.hpp ****         T *data;
  14:src/../h/list.hpp ****         Elem *next;
  15:src/../h/list.hpp **** 
  16:src/../h/list.hpp ****         Elem(T *data, Elem *next) : data(data), next(next) {}
  17:src/../h/list.hpp ****     };
  18:src/../h/list.hpp **** 
  19:src/../h/list.hpp ****     Elem *head, *tail;
  20:src/../h/list.hpp **** 
  21:src/../h/list.hpp **** public:
  22:src/../h/list.hpp ****     List() : head(0), tail(0) {}
  42              		.loc 2 22 29
  43 002c 97070000 		lla	a5,.LANCHOR0
  43      93870700 
  44 0034 23B00700 		sd	zero,0(a5)
  45 0038 23B40700 		sd	zero,8(a5)
  46              	.LVL2:
  47              	.LBE17:
  48              	.LBE16:
  49              	.LBE15:
  50              		.loc 1 15 1
  51 003c 6FF09FFD 		j	.L1
  52              		.cfi_endproc
  53              	.LFE19:
  55              		.align	2
  56              		.globl	_ZN9Scheduler3getEv
  58              	_ZN9Scheduler3getEv:
  59              	.LFB9:
   9:src/scheduler.cpp **** TCB *Scheduler::get() {
  60              		.loc 1 9 23 is_stmt 1
  61              		.cfi_startproc
  62 0040 130101FE 		addi	sp,sp,-32
  63              		.cfi_def_cfa_offset 32
  64 0044 233C1100 		sd	ra,24(sp)
  65 0048 23388100 		sd	s0,16(sp)
  66 004c 23349100 		sd	s1,8(sp)
  67              		.cfi_offset 1, -8
  68              		.cfi_offset 8, -16
  69              		.cfi_offset 9, -24
  70 0050 13040102 		addi	s0,sp,32
  71              		.cfi_def_cfa 8, 0
  10:src/scheduler.cpp ****     return readyThreadQueue.removeFirst();
  72              		.loc 1 10 5
  73              	.LVL3:
  74              	.LBB18:
  75              	.LBB19:
  23:src/../h/list.hpp **** 
  24:src/../h/list.hpp ****     List(const List<T> &) = delete;
GAS LISTING /tmp/cceGr7hL.s 			page 3


  25:src/../h/list.hpp **** 
  26:src/../h/list.hpp ****     List<T> &operator=(const List<T> &) = delete;
  27:src/../h/list.hpp **** 
  28:src/../h/list.hpp ****     void addFirst(T *data)
  29:src/../h/list.hpp ****     {
  30:src/../h/list.hpp ****         Elem *elem = new Elem(data, head);
  31:src/../h/list.hpp ****         head = elem;
  32:src/../h/list.hpp ****         if (!tail) { tail = head; }
  33:src/../h/list.hpp ****     }
  34:src/../h/list.hpp **** 
  35:src/../h/list.hpp ****     void addLast(T *data)
  36:src/../h/list.hpp ****     {
  37:src/../h/list.hpp ****         Elem *elem = new Elem(data, 0);
  38:src/../h/list.hpp ****         if (tail)
  39:src/../h/list.hpp ****         {
  40:src/../h/list.hpp ****             tail->next = elem;
  41:src/../h/list.hpp ****             tail = elem;
  42:src/../h/list.hpp ****         } else {
  43:src/../h/list.hpp ****             head = tail = elem;
  44:src/../h/list.hpp ****         }
  45:src/../h/list.hpp ****     }
  46:src/../h/list.hpp **** 
  47:src/../h/list.hpp ****     T *removeFirst()
  48:src/../h/list.hpp ****     {
  49:src/../h/list.hpp ****         if (!head) { return 0; }
  76              		.loc 2 49 14 is_stmt 0
  77 0054 17050000 		ld	a0,.LANCHOR0
  77      03350500 
  78              		.loc 2 49 9
  79 005c 63020504 		beqz	a0,.L8
  80              	.LVL4:
  50:src/../h/list.hpp **** 
  51:src/../h/list.hpp ****         Elem *elem = head;
  52:src/../h/list.hpp ****         head = head->next;
  81              		.loc 2 52 22
  82 0060 83378500 		ld	a5,8(a0)
  83              		.loc 2 52 9
  84 0064 17070000 		sd	a5,.LANCHOR0,a4
  84      2330F700 
  53:src/../h/list.hpp ****         if (!head) { tail = 0; }
  85              		.loc 2 53 9
  86 006c 63840702 		beqz	a5,.L10
  87              	.L7:
  54:src/../h/list.hpp **** 
  55:src/../h/list.hpp ****         T *ret = elem->data;
  88              		.loc 2 55 12
  89 0070 83340500 		ld	s1,0(a0)
  90              	.LVL5:
  56:src/../h/list.hpp ****         delete elem;
  91              		.loc 2 56 9
  92 0074 97000000 		call	_ZdlPv@plt
  92      E7800000 
  93              	.LVL6:
  94              	.L5:
  95              	.LBE19:
  96              	.LBE18:
  11:src/scheduler.cpp **** }
GAS LISTING /tmp/cceGr7hL.s 			page 4


  97              		.loc 1 11 1
  98 007c 13850400 		mv	a0,s1
  99 0080 83308101 		ld	ra,24(sp)
 100              		.cfi_remember_state
 101              		.cfi_restore 1
 102 0084 03340101 		ld	s0,16(sp)
 103              		.cfi_restore 8
 104              		.cfi_def_cfa 2, 32
 105 0088 83348100 		ld	s1,8(sp)
 106              		.cfi_restore 9
 107 008c 13010102 		addi	sp,sp,32
 108              		.cfi_def_cfa_offset 0
 109 0090 67800000 		jr	ra
 110              	.LVL7:
 111              	.L10:
 112              		.cfi_restore_state
 113              	.LBB21:
 114              	.LBB20:
  53:src/../h/list.hpp **** 
 115              		.loc 2 53 22
 116 0094 97070000 		sd	zero,.LANCHOR0+8,a5
 116      23B00700 
 117 009c 6FF05FFD 		j	.L7
 118              	.LVL8:
 119              	.L8:
  49:src/../h/list.hpp **** 
 120              		.loc 2 49 29
 121 00a0 93040500 		mv	s1,a0
 122              	.LVL9:
 123              	.LBE20:
 124              	.LBE21:
  10:src/scheduler.cpp ****     return readyThreadQueue.removeFirst();
 125              		.loc 1 10 41
 126 00a4 6FF09FFD 		j	.L5
 127              		.cfi_endproc
 128              	.LFE9:
 130              		.align	2
 131              		.globl	_ZN9Scheduler3putEP3TCB
 133              	_ZN9Scheduler3putEP3TCB:
 134              	.LFB10:
  13:src/scheduler.cpp **** void Scheduler::put(TCB *tcb) {
 135              		.loc 1 13 31 is_stmt 1
 136              		.cfi_startproc
 137              	.LVL10:
 138 00a8 130101FE 		addi	sp,sp,-32
 139              		.cfi_def_cfa_offset 32
 140 00ac 233C1100 		sd	ra,24(sp)
 141 00b0 23388100 		sd	s0,16(sp)
 142 00b4 23349100 		sd	s1,8(sp)
 143              		.cfi_offset 1, -8
 144              		.cfi_offset 8, -16
 145              		.cfi_offset 9, -24
 146 00b8 13040102 		addi	s0,sp,32
 147              		.cfi_def_cfa 8, 0
 148 00bc 93040500 		mv	s1,a0
  14:src/scheduler.cpp ****     readyThreadQueue.addLast(tcb);
 149              		.loc 1 14 5
GAS LISTING /tmp/cceGr7hL.s 			page 5


 150              	.LVL11:
 151              	.LBB22:
 152              	.LBB23:
  37:src/../h/list.hpp ****         if (tail)
 153              		.loc 2 37 22 is_stmt 0
 154 00c0 13050001 		li	a0,16
 155              	.LVL12:
 156 00c4 97000000 		call	_Znwm@plt
 156      E7800000 
 157              	.LVL13:
 158              	.LBB24:
 159              	.LBB25:
  16:src/../h/list.hpp ****     };
 160              		.loc 2 16 58
 161 00cc 23309500 		sd	s1,0(a0)
 162 00d0 23340500 		sd	zero,8(a0)
 163              	.LVL14:
 164              	.LBE25:
 165              	.LBE24:
  38:src/../h/list.hpp ****         {
 166              		.loc 2 38 13
 167 00d4 97070000 		ld	a5,.LANCHOR0+8
 167      83B70700 
  38:src/../h/list.hpp ****         {
 168              		.loc 2 38 9
 169 00dc 63820702 		beqz	a5,.L12
  40:src/../h/list.hpp ****             tail = elem;
 170              		.loc 2 40 13
 171 00e0 23B4A700 		sd	a0,8(a5)
  41:src/../h/list.hpp ****         } else {
 172              		.loc 2 41 13
 173 00e4 97070000 		sd	a0,.LANCHOR0+8,a5
 173      23B0A700 
 174              	.LVL15:
 175              	.L11:
 176              	.LBE23:
 177              	.LBE22:
 178              		.loc 1 15 1
 179 00ec 83308101 		ld	ra,24(sp)
 180              		.cfi_remember_state
 181              		.cfi_restore 1
 182 00f0 03340101 		ld	s0,16(sp)
 183              		.cfi_restore 8
 184              		.cfi_def_cfa 2, 32
 185 00f4 83348100 		ld	s1,8(sp)
 186              		.cfi_restore 9
 187              	.LVL16:
 188 00f8 13010102 		addi	sp,sp,32
 189              		.cfi_def_cfa_offset 0
 190 00fc 67800000 		jr	ra
 191              	.LVL17:
 192              	.L12:
 193              		.cfi_restore_state
 194              	.LBB27:
 195              	.LBB26:
  43:src/../h/list.hpp ****         }
 196              		.loc 2 43 13
GAS LISTING /tmp/cceGr7hL.s 			page 6


 197 0100 97070000 		lla	a5,.LANCHOR0
 197      93870700 
 198 0108 23B4A700 		sd	a0,8(a5)
 199 010c 23B0A700 		sd	a0,0(a5)
 200              	.LVL18:
 201              	.LBE26:
 202              	.LBE27:
 203              		.loc 1 15 1
 204 0110 6FF0DFFD 		j	.L11
 205              		.cfi_endproc
 206              	.LFE10:
 208              		.align	2
 210              	_GLOBAL__sub_I__ZN9Scheduler16readyThreadQueueE:
 211              	.LFB20:
 212              		.loc 1 15 1 is_stmt 1
 213              		.cfi_startproc
 214 0114 130101FF 		addi	sp,sp,-16
 215              		.cfi_def_cfa_offset 16
 216 0118 23341100 		sd	ra,8(sp)
 217 011c 23308100 		sd	s0,0(sp)
 218              		.cfi_offset 1, -8
 219              		.cfi_offset 8, -16
 220 0120 13040101 		addi	s0,sp,16
 221              		.cfi_def_cfa 8, 0
 222              		.loc 1 15 1 is_stmt 0
 223 0124 B7050100 		li	a1,65536
 224 0128 9385F5FF 		addi	a1,a1,-1
 225 012c 13051000 		li	a0,1
 226 0130 97000000 		call	_Z41__static_initialization_and_destruction_0ii
 226      E7800000 
 227              	.LVL19:
 228 0138 83308100 		ld	ra,8(sp)
 229              		.cfi_restore 1
 230 013c 03340100 		ld	s0,0(sp)
 231              		.cfi_restore 8
 232              		.cfi_def_cfa 2, 16
 233 0140 13010101 		addi	sp,sp,16
 234              		.cfi_def_cfa_offset 0
 235 0144 67800000 		jr	ra
 236              		.cfi_endproc
 237              	.LFE20:
 239              		.section	.init_array,"aw"
 240              		.align	3
 241 0000 00000000 		.dword	_GLOBAL__sub_I__ZN9Scheduler16readyThreadQueueE
 241      00000000 
 242              		.globl	_ZN9Scheduler16readyThreadQueueE
 243              		.bss
 244              		.align	3
 245              		.set	.LANCHOR0,. + 0
 248              	_ZN9Scheduler16readyThreadQueueE:
 249 0000 00000000 		.zero	16
 249      00000000 
 249      00000000 
 249      00000000 
 250              		.text
 251              	.Letext0:
 252              		.file 3 "src/../h/scheduler.hpp"
GAS LISTING /tmp/cceGr7hL.s 			page 7


GAS LISTING /tmp/cceGr7hL.s 			page 8


DEFINED SYMBOLS
                            *ABS*:0000000000000000 scheduler.cpp
     /tmp/cceGr7hL.s:8      .text:0000000000000000 _Z41__static_initialization_and_destruction_0ii
     /tmp/cceGr7hL.s:12     .text:0000000000000000 .L0 
     /tmp/cceGr7hL.s:14     .text:0000000000000000 .L0 
     /tmp/cceGr7hL.s:15     .text:0000000000000004 .L0 
     /tmp/cceGr7hL.s:17     .text:0000000000000008 .L0 
     /tmp/cceGr7hL.s:19     .text:000000000000000c .L0 
     /tmp/cceGr7hL.s:21     .text:000000000000000c .L0 
     /tmp/cceGr7hL.s:25     .text:0000000000000018 .L0 
     /tmp/cceGr7hL.s:26     .text:0000000000000018 .L0 
     /tmp/cceGr7hL.s:27     .text:0000000000000018 .L0 
     /tmp/cceGr7hL.s:29     .text:000000000000001c .L0 
     /tmp/cceGr7hL.s:32     .text:0000000000000020 .L0 
     /tmp/cceGr7hL.s:34     .text:0000000000000020 .L0 
     /tmp/cceGr7hL.s:43     .text:000000000000002c .L0 
     /tmp/cceGr7hL.s:51     .text:000000000000003c .L0 
     /tmp/cceGr7hL.s:52     .text:0000000000000040 .L0 
     /tmp/cceGr7hL.s:58     .text:0000000000000040 _ZN9Scheduler3getEv
     /tmp/cceGr7hL.s:61     .text:0000000000000040 .L0 
     /tmp/cceGr7hL.s:62     .text:0000000000000040 .L0 
     /tmp/cceGr7hL.s:63     .text:0000000000000044 .L0 
     /tmp/cceGr7hL.s:67     .text:0000000000000050 .L0 
     /tmp/cceGr7hL.s:68     .text:0000000000000050 .L0 
     /tmp/cceGr7hL.s:69     .text:0000000000000050 .L0 
     /tmp/cceGr7hL.s:71     .text:0000000000000054 .L0 
     /tmp/cceGr7hL.s:76     .text:0000000000000054 .L0 
     /tmp/cceGr7hL.s:77     .text:0000000000000054 .L0 
     /tmp/cceGr7hL.s:79     .text:000000000000005c .L0 
     /tmp/cceGr7hL.s:82     .text:0000000000000060 .L0 
     /tmp/cceGr7hL.s:84     .text:0000000000000064 .L0 
     /tmp/cceGr7hL.s:86     .text:000000000000006c .L0 
     /tmp/cceGr7hL.s:89     .text:0000000000000070 .L0 
     /tmp/cceGr7hL.s:92     .text:0000000000000074 .L0 
     /tmp/cceGr7hL.s:98     .text:000000000000007c .L0 
     /tmp/cceGr7hL.s:100    .text:0000000000000084 .L0 
     /tmp/cceGr7hL.s:101    .text:0000000000000084 .L0 
     /tmp/cceGr7hL.s:103    .text:0000000000000088 .L0 
     /tmp/cceGr7hL.s:104    .text:0000000000000088 .L0 
     /tmp/cceGr7hL.s:106    .text:000000000000008c .L0 
     /tmp/cceGr7hL.s:108    .text:0000000000000090 .L0 
     /tmp/cceGr7hL.s:112    .text:0000000000000094 .L0 
     /tmp/cceGr7hL.s:116    .text:0000000000000094 .L0 
     /tmp/cceGr7hL.s:121    .text:00000000000000a0 .L0 
     /tmp/cceGr7hL.s:126    .text:00000000000000a4 .L0 
     /tmp/cceGr7hL.s:127    .text:00000000000000a8 .L0 
     /tmp/cceGr7hL.s:133    .text:00000000000000a8 _ZN9Scheduler3putEP3TCB
     /tmp/cceGr7hL.s:136    .text:00000000000000a8 .L0 
     /tmp/cceGr7hL.s:138    .text:00000000000000a8 .L0 
     /tmp/cceGr7hL.s:139    .text:00000000000000ac .L0 
     /tmp/cceGr7hL.s:143    .text:00000000000000b8 .L0 
     /tmp/cceGr7hL.s:144    .text:00000000000000b8 .L0 
     /tmp/cceGr7hL.s:145    .text:00000000000000b8 .L0 
     /tmp/cceGr7hL.s:147    .text:00000000000000bc .L0 
     /tmp/cceGr7hL.s:153    .text:00000000000000c0 .L0 
     /tmp/cceGr7hL.s:154    .text:00000000000000c0 .L0 
     /tmp/cceGr7hL.s:161    .text:00000000000000cc .L0 
GAS LISTING /tmp/cceGr7hL.s 			page 9


     /tmp/cceGr7hL.s:167    .text:00000000000000d4 .L0 
     /tmp/cceGr7hL.s:169    .text:00000000000000dc .L0 
     /tmp/cceGr7hL.s:171    .text:00000000000000e0 .L0 
     /tmp/cceGr7hL.s:173    .text:00000000000000e4 .L0 
     /tmp/cceGr7hL.s:179    .text:00000000000000ec .L0 
     /tmp/cceGr7hL.s:180    .text:00000000000000f0 .L0 
     /tmp/cceGr7hL.s:181    .text:00000000000000f0 .L0 
     /tmp/cceGr7hL.s:183    .text:00000000000000f4 .L0 
     /tmp/cceGr7hL.s:184    .text:00000000000000f4 .L0 
     /tmp/cceGr7hL.s:186    .text:00000000000000f8 .L0 
     /tmp/cceGr7hL.s:189    .text:00000000000000fc .L0 
     /tmp/cceGr7hL.s:193    .text:0000000000000100 .L0 
     /tmp/cceGr7hL.s:197    .text:0000000000000100 .L0 
     /tmp/cceGr7hL.s:204    .text:0000000000000110 .L0 
     /tmp/cceGr7hL.s:205    .text:0000000000000114 .L0 
     /tmp/cceGr7hL.s:210    .text:0000000000000114 _GLOBAL__sub_I__ZN9Scheduler16readyThreadQueueE
     /tmp/cceGr7hL.s:213    .text:0000000000000114 .L0 
     /tmp/cceGr7hL.s:214    .text:0000000000000114 .L0 
     /tmp/cceGr7hL.s:215    .text:0000000000000118 .L0 
     /tmp/cceGr7hL.s:218    .text:0000000000000120 .L0 
     /tmp/cceGr7hL.s:219    .text:0000000000000120 .L0 
     /tmp/cceGr7hL.s:221    .text:0000000000000124 .L0 
     /tmp/cceGr7hL.s:223    .text:0000000000000124 .L0 
     /tmp/cceGr7hL.s:229    .text:000000000000013c .L0 
     /tmp/cceGr7hL.s:231    .text:0000000000000140 .L0 
     /tmp/cceGr7hL.s:232    .text:0000000000000140 .L0 
     /tmp/cceGr7hL.s:234    .text:0000000000000144 .L0 
     /tmp/cceGr7hL.s:236    .text:0000000000000148 .L0 
     /tmp/cceGr7hL.s:248    .bss:0000000000000000 _ZN9Scheduler16readyThreadQueueE
     /tmp/cceGr7hL.s:245    .bss:0000000000000000 .LANCHOR0
     /tmp/cceGr7hL.s:253    .text:0000000000000148 .L0 
     /tmp/cceGr7hL.s:43     .text:000000000000002c .L0 
     /tmp/cceGr7hL.s:77     .text:0000000000000054 .L0 
     /tmp/cceGr7hL.s:84     .text:0000000000000064 .L0 
     /tmp/cceGr7hL.s:116    .text:0000000000000094 .L0 
     /tmp/cceGr7hL.s:167    .text:00000000000000d4 .L0 
     /tmp/cceGr7hL.s:173    .text:00000000000000e4 .L0 
     /tmp/cceGr7hL.s:197    .text:0000000000000100 .L0 
     /tmp/cceGr7hL.s:31     .text:0000000000000020 .L4
     /tmp/cceGr7hL.s:23     .text:0000000000000014 .L1
     /tmp/cceGr7hL.s:119    .text:00000000000000a0 .L8
     /tmp/cceGr7hL.s:111    .text:0000000000000094 .L10
     /tmp/cceGr7hL.s:87     .text:0000000000000070 .L7
     /tmp/cceGr7hL.s:94     .text:000000000000007c .L5
     /tmp/cceGr7hL.s:192    .text:0000000000000100 .L12
     /tmp/cceGr7hL.s:175    .text:00000000000000ec .L11
     /tmp/cceGr7hL.s:790    .debug_abbrev:0000000000000000 .Ldebug_abbrev0
     /tmp/cceGr7hL.s:1620   .debug_str:000000000000016d .LASF36
     /tmp/cceGr7hL.s:1614   .debug_str:0000000000000127 .LASF37
     /tmp/cceGr7hL.s:1648   .debug_str:00000000000002ca .LASF38
     /tmp/cceGr7hL.s:5      .text:0000000000000000 .Ltext0
     /tmp/cceGr7hL.s:251    .text:0000000000000148 .Letext0
     /tmp/cceGr7hL.s:1578   .debug_line:0000000000000000 .Ldebug_line0
     /tmp/cceGr7hL.s:1602   .debug_str:00000000000000ce .LASF0
     /tmp/cceGr7hL.s:1638   .debug_str:000000000000027a .LASF39
     /tmp/cceGr7hL.s:1586   .debug_str:0000000000000029 .LASF40
     /tmp/cceGr7hL.s:1596   .debug_str:0000000000000094 .LASF41
GAS LISTING /tmp/cceGr7hL.s 			page 10


     /tmp/cceGr7hL.s:1658   .debug_str:0000000000000329 .LASF1
     /tmp/cceGr7hL.s:1642   .debug_str:0000000000000294 .LASF4
     /tmp/cceGr7hL.s:1606   .debug_str:00000000000000f6 .LASF2
     /tmp/cceGr7hL.s:1582   .debug_str:000000000000000b .LASF3
     /tmp/cceGr7hL.s:1660   .debug_str:0000000000000333 .LASF42
     /tmp/cceGr7hL.s:1624   .debug_str:0000000000000236 .LASF5
     /tmp/cceGr7hL.s:1656   .debug_str:0000000000000324 .LASF6
     /tmp/cceGr7hL.s:1630   .debug_str:0000000000000249 .LASF7
     /tmp/cceGr7hL.s:1592   .debug_str:0000000000000075 .LASF9
     /tmp/cceGr7hL.s:1600   .debug_str:00000000000000b7 .LASF14
     /tmp/cceGr7hL.s:1664   .debug_str:000000000000036e .LASF43
     /tmp/cceGr7hL.s:1644   .debug_str:0000000000000299 .LASF44
     /tmp/cceGr7hL.s:1628   .debug_str:0000000000000240 .LASF8
     /tmp/cceGr7hL.s:1670   .debug_str:00000000000003a8 .LASF10
     /tmp/cceGr7hL.s:1588   .debug_str:000000000000003d .LASF11
     /tmp/cceGr7hL.s:1662   .debug_str:0000000000000352 .LASF12
     /tmp/cceGr7hL.s:1594   .debug_str:0000000000000088 .LASF13
     /tmp/cceGr7hL.s:1604   .debug_str:00000000000000d8 .LASF15
     /tmp/cceGr7hL.s:1608   .debug_str:00000000000000fb .LASF16
     /tmp/cceGr7hL.s:1654   .debug_str:0000000000000309 .LASF17
     /tmp/cceGr7hL.s:1598   .debug_str:00000000000000ac .LASF18
     /tmp/cceGr7hL.s:1612   .debug_str:000000000000010a .LASF19
     /tmp/cceGr7hL.s:1640   .debug_str:000000000000028b .LASF20
     /tmp/cceGr7hL.s:1646   .debug_str:00000000000002b0 .LASF21
     /tmp/cceGr7hL.s:1626   .debug_str:000000000000023b .LASF22
     /tmp/cceGr7hL.s:1584   .debug_str:0000000000000010 .LASF23
     /tmp/cceGr7hL.s:1618   .debug_str:000000000000014c .LASF45
     /tmp/cceGr7hL.s:1590   .debug_str:0000000000000045 .LASF24
     /tmp/cceGr7hL.s:211    .text:0000000000000114 .LFB20
     /tmp/cceGr7hL.s:237    .text:0000000000000148 .LFE20
     /tmp/cceGr7hL.s:227    .text:0000000000000138 .LVL19
     /tmp/cceGr7hL.s:1668   .debug_str:000000000000037e .LASF25
     /tmp/cceGr7hL.s:9      .text:0000000000000000 .LFB19
     /tmp/cceGr7hL.s:53     .text:0000000000000040 .LFE19
     /tmp/cceGr7hL.s:1634   .debug_str:000000000000025e .LASF26
     /tmp/cceGr7hL.s:1580   .debug_str:0000000000000000 .LASF27
     /tmp/cceGr7hL.s:38     .text:000000000000002c .LBB15
     /tmp/cceGr7hL.s:49     .text:000000000000003c .LBE15
     /tmp/cceGr7hL.s:1435   .debug_loc:0000000000000000 .LLST0
     /tmp/cceGr7hL.s:1610   .debug_str:0000000000000105 .LASF28
     /tmp/cceGr7hL.s:1650   .debug_str:00000000000002e3 .LASF30
     /tmp/cceGr7hL.s:1622   .debug_str:0000000000000231 .LASF29
     /tmp/cceGr7hL.s:1616   .debug_str:0000000000000139 .LASF31
     /tmp/cceGr7hL.s:134    .text:00000000000000a8 .LFB10
     /tmp/cceGr7hL.s:206    .text:0000000000000114 .LFE10
     /tmp/cceGr7hL.s:1444   .debug_loc:000000000000002c .LLST4
     /tmp/cceGr7hL.s:151    .text:00000000000000c0 .LBB22
     /tmp/cceGr7hL.s:1564   .debug_ranges:0000000000000000 .Ldebug_ranges0
     /tmp/cceGr7hL.s:1466   .debug_loc:000000000000008b .LLST5
     /tmp/cceGr7hL.s:1481   .debug_loc:00000000000000d4 .LLST6
     /tmp/cceGr7hL.s:158    .text:00000000000000cc .LBB24
     /tmp/cceGr7hL.s:165    .text:00000000000000d4 .LBE24
     /tmp/cceGr7hL.s:1496   .debug_loc:000000000000011c .LLST7
     /tmp/cceGr7hL.s:1504   .debug_loc:0000000000000140 .LLST8
     /tmp/cceGr7hL.s:1511   .debug_loc:0000000000000163 .LLST9
     /tmp/cceGr7hL.s:157    .text:00000000000000cc .LVL13
     /tmp/cceGr7hL.s:59     .text:0000000000000040 .LFB9
GAS LISTING /tmp/cceGr7hL.s 			page 11


     /tmp/cceGr7hL.s:128    .text:00000000000000a8 .LFE9
     /tmp/cceGr7hL.s:74     .text:0000000000000054 .LBB18
     /tmp/cceGr7hL.s:1518   .debug_loc:0000000000000186 .LLST1
     /tmp/cceGr7hL.s:1533   .debug_loc:00000000000001ce .LLST2
     /tmp/cceGr7hL.s:1544   .debug_loc:0000000000000204 .LLST3
     /tmp/cceGr7hL.s:93     .text:000000000000007c .LVL6
     /tmp/cceGr7hL.s:1666   .debug_str:0000000000000378 .LASF32
     /tmp/cceGr7hL.s:1636   .debug_str:000000000000026d .LASF34
     /tmp/cceGr7hL.s:1652   .debug_str:0000000000000302 .LASF33
     /tmp/cceGr7hL.s:1632   .debug_str:000000000000024e .LASF35
     /tmp/cceGr7hL.s:37     .text:000000000000002c .LVL1
     /tmp/cceGr7hL.s:46     .text:000000000000003c .LVL2
     /tmp/cceGr7hL.s:137    .text:00000000000000a8 .LVL10
     /tmp/cceGr7hL.s:155    .text:00000000000000c4 .LVL12
     /tmp/cceGr7hL.s:187    .text:00000000000000f8 .LVL16
     /tmp/cceGr7hL.s:191    .text:0000000000000100 .LVL17
     /tmp/cceGr7hL.s:150    .text:00000000000000c0 .LVL11
     /tmp/cceGr7hL.s:174    .text:00000000000000ec .LVL15
     /tmp/cceGr7hL.s:200    .text:0000000000000110 .LVL18
     /tmp/cceGr7hL.s:163    .text:00000000000000d4 .LVL14
     /tmp/cceGr7hL.s:73     .text:0000000000000054 .LVL3
     /tmp/cceGr7hL.s:110    .text:0000000000000094 .LVL7
     /tmp/cceGr7hL.s:122    .text:00000000000000a4 .LVL9
     /tmp/cceGr7hL.s:80     .text:0000000000000060 .LVL4
     /tmp/cceGr7hL.s:118    .text:00000000000000a0 .LVL8
     /tmp/cceGr7hL.s:90     .text:0000000000000074 .LVL5
     /tmp/cceGr7hL.s:254    .debug_info:0000000000000000 .Ldebug_info0
     /tmp/cceGr7hL.s:96     .text:000000000000007c .LBE18
     /tmp/cceGr7hL.s:113    .text:0000000000000094 .LBB21
     /tmp/cceGr7hL.s:124    .text:00000000000000a4 .LBE21
     /tmp/cceGr7hL.s:177    .text:00000000000000ec .LBE22
     /tmp/cceGr7hL.s:194    .text:0000000000000100 .LBB27
     /tmp/cceGr7hL.s:202    .text:0000000000000110 .LBE27

UNDEFINED SYMBOLS
_ZdlPv
_Znwm
